2026-02-21 19:05:05 INFO     ActorAddr-(T|:46485) => Dispatcher initializing
2026-02-21 19:05:05 INFO     ActorAddr-(T|:46485) => Dispatcher Ready
2026-02-21 19:05:05 INFO     ActorAddr-(T|:42365) => A VALIDATION REQUEST HAS BEEN RECEIVED....
2026-02-21 19:05:05 INFO     ActorAddr-(T|:19000) => Validated source hash 1ab0d90d66e24c9bcf9b421d3221cc89 - temp_components.zip, 32 modules (message_space.py, web_socket_router_actor.py, address_book.py, agent_pool.py, universe.py, property_decorators.py, multi_container.py, log_actor.py, subject_container.py, ...)
2026-02-21 19:05:05 INFO     ActorAddr-(T|:19000) => Source hash 1ab0d90d66e24c9bcf9b421d3221cc89 (temp_components.zip) validated by Source Authority; now available.
2026-02-21 19:05:05 INFO     ActorAddr-(T|:46485) => DISPATCHER actor message received -> 
2026-02-21 19:05:05 INFO     ActorAddr-(T|:46485) => DISPATCHER actor message received -> 
2026-02-21 19:05:05 INFO     ActorAddr-(T|:33657) => RECEVIED AN EXCEPTION REQUEST:{'error_message': 'MES CRASHING IN PREPARATION - EXCEPTION FOLLOWS \n\tError Type: <class \'AttributeError\'>\n\tError: \'VCMEnvironment\' object has no attribute \'num_agents\'\n\n\tTrace Output: \n\t  File "/tmp/mTree/mTree/microeconomic_system/environment.py", line 92, in invoke_prepare\n    self.prepare()\n    ~~~~~~~~~~~~^^\n\n\t  File "VCM_environment.py", line 33, in prepare\n\n', 'error_type': "<class 'AttributeError'>", 'error': "'VCMEnvironment' object has no attribute 'num_agents'", 'filename': '/tmp/mTree/mTree/microeconomic_system/environment.py', 'lineno': 92, 'name': 'invoke_prepare', 'line': 'self.prepare()'}
2026-02-21 19:05:05 ERROR    ActorAddr-(T|:39265) => Declaring transmit of TransportIntent(ActorAddr-(T|:38143)-pending-ExpiresIn_0:04:59.957871-<class 'mTree.microeconomic_system.log_message.LogMessage'>-<LogMessage Timestamp: 1771700705.6079125, Type: log, Content: addresses={'VCM_environment.VCMEnvironment': ComponentAddress(short_name='VCM_environme...-quit_0:04:59.957859) as Poison: Traceback (most recent call last):
  File "/opt/conda/lib/python3.13/site-packages/thespian/system/systemCommon.py", line 173, in _send_intent_to_transport
    self.transport.scheduleTransmit(self._addrManager, intent)
    ~~~~~~~~~~~~~~~~~~~~~~~~~~~~~~~^^^^^^^^^^^^^^^^^^^^^^^^^^^
  File "/opt/conda/lib/python3.13/site-packages/thespian/system/transport/asyncTransportBase.py", line 213, in scheduleTransmit
    transmitIntent.serMsg = self.serializer(transmitIntent)
                            ~~~~~~~~~~~~~~~^^^^^^^^^^^^^^^^
  File "/opt/conda/lib/python3.13/site-packages/thespian/system/transport/TCPTransport.py", line 568, in serializer
    return toSendBuffer((self.myAddress, intent.message), serializer.dumps)
  File "/opt/conda/lib/python3.13/site-packages/thespian/system/transport/streamBuffer.py", line 15, in <lambda>
    toSendBuffer = lambda A, ser=pickle.dumps: (lambda AP: ('%d>'%len(AP)).encode('utf-8') + AP)(ser(A))
                                                                                                 ~~~^^^
TypeError: cannot pickle '_thread.lock' object
Traceback (most recent call last):

  File "/opt/conda/lib/python3.13/site-packages/thespian/system/systemCommon.py", line 173, in _send_intent_to_transport
    self.transport.scheduleTransmit(self._addrManager, intent)
    ~~~~~~~~~~~~~~~~~~~~~~~~~~~~~~~^^^^^^^^^^^^^^^^^^^^^^^^^^^

  File "/opt/conda/lib/python3.13/site-packages/thespian/system/transport/asyncTransportBase.py", line 213, in scheduleTransmit
    transmitIntent.serMsg = self.serializer(transmitIntent)
                            ~~~~~~~~~~~~~~~^^^^^^^^^^^^^^^^

  File "/opt/conda/lib/python3.13/site-packages/thespian/system/transport/TCPTransport.py", line 568, in serializer
    return toSendBuffer((self.myAddress, intent.message), serializer.dumps)

  File "/opt/conda/lib/python3.13/site-packages/thespian/system/transport/streamBuffer.py", line 15, in <lambda>
    toSendBuffer = lambda A, ser=pickle.dumps: (lambda AP: ('%d>'%len(AP)).encode('utf-8') + AP)(ser(A))
                                                                                                 ~~~^^^

TypeError: cannot pickle '_thread.lock' object

2026-02-21 19:05:05 INFO     ActorAddr-(T|:38143) => Completing Log Sequence Files...
2026-02-21 19:05:05 INFO     ActorAddr-(T|:38143) => Completing Log Event Files...
2026-02-21 19:05:05 INFO     ActorAddr-(T|:38143) => Completing Log Data Files...
2026-02-21 19:05:05 INFO     ActorAddr-(T|:38143) => LOGGING CRASHED DURING COMPLETION STAGE
2026-02-21 19:05:05 INFO     ActorAddr-(T|:46485) => DISPATCHER actor message received -> 
2026-02-21 19:05:05 INFO     ActorAddr-(T|:38143) => MES AGENT CRASHING - EXCEPTION FOLLOWS 
	Source Message: ActorExitRequest
	Error Type: <class 'AttributeError'>
	Error: 'LogActor' object has no attribute 'targets'

	Trace Output: 
	  File "log_actor.py", line 503, in receiveMessage

	  File "log_actor.py", line 436, in complete_log_files


2026-02-21 19:05:05 INFO     ActorAddr-(T|:33561) => Completing Log Sequence Files...
2026-02-21 19:05:05 INFO     ActorAddr-(T|:46485) => DISPATCHER actor message received -> 
2026-02-21 19:05:05 INFO     ActorAddr-(T|:33561) => Completing Log Event Files...
2026-02-21 19:05:05 INFO     ActorAddr-(T|:46485) => DISPATCHER actor message received -> 
2026-02-21 19:05:05 INFO     ActorAddr-(T|:33561) => Completing Log Data Files...
2026-02-21 19:05:05 INFO     ActorAddr-(T|:46485) => DISPATCHER actor message received -> 
2026-02-21 19:05:13 INFO     ActorAddr-(T|:46485) => DISPATCHER actor message received -> 
2026-02-26 20:56:56 INFO     ActorAddr-(T|:32899) => Dispatcher initializing
2026-02-26 20:56:56 INFO     ActorAddr-(T|:32899) => Dispatcher Ready
2026-02-26 20:56:56 INFO     ActorAddr-(T|:34635) => A VALIDATION REQUEST HAS BEEN RECEIVED....
2026-02-26 20:56:56 INFO     ActorAddr-(T|:19000) => Validated source hash c2ec067b22a386d0b75432dbba5a33c1 - temp_components.zip, 32 modules (message_space.py, web_socket_router_actor.py, address_book.py, agent_pool.py, universe.py, property_decorators.py, multi_container.py, log_actor.py, subject_container.py, ...)
2026-02-26 20:56:56 INFO     ActorAddr-(T|:32899) => DISPATCHER actor message received -> 
2026-02-26 20:56:56 INFO     ActorAddr-(T|:19000) => Source hash c2ec067b22a386d0b75432dbba5a33c1 (temp_components.zip) validated by Source Authority; now available.
2026-02-26 20:56:57 WARNING  ActorAddr-(T|:37315) => Actor VCM_environment.VCMEnvironment @ ActorAddr-(T|:37315) retryable exception on message addresses={'VCM_environment.VCMEnvironment': ComponentAddress(short_name='VCM_environment.VCMEnvironment', address_type='environment', address=<thespian.actors.ActorAddress object at 0x7da31ffc3170>, component_class='VCM_environment.VCMEnvironment', component_number=1), 'VCM_institution.VCMInstitution': ComponentAddress(short_name='VCM_institution.VCMInstitution', address_type='institution', address=<thespian.actors.ActorAddress object at 0x7da31ffc30b0>, component_class='VCM_institution.VCMInstitution', component_number=1), 'VCM_agent.VCMAgent 1': ComponentAddress(short_name='VCM_agent.VCMAgent 1', address_type='agent', address=<thespian.actors.ActorAddress object at 0x7da31ffc3110>, component_class='VCM_agent.VCMAgent 1', component_number=1), 'VCM_agent.VCMAgent 2': ComponentAddress(short_name='VCM_agent.VCMAgent 2', address_type='agent', address=<thespian.actors.ActorAddress object at 0x7da31ffc31d0>, component_class='VCM_agent.VCMAgent 2', component_number=1), 'VCM_agent.VCMAgent 3': ComponentAddress(short_name='VCM_agent.VCMAgent 3', address_type='agent', address=<thespian.actors.ActorAddress object at 0x7da31ffc3350>, component_class='VCM_agent.VCMAgent 3', component_number=1), 'VCM_agent.VCMAgent 4': ComponentAddress(short_name='VCM_agent.VCMAgent 4', address_type='agent', address=<thespian.actors.ActorAddress object at 0x7da31ffc32f0>, component_class='VCM_agent.VCMAgent 4', component_number=1), 'VCM_agent.VCMAgent 5': ComponentAddress(short_name='VCM_agent.VCMAgent 5', address_type='agent', address=<thespian.actors.ActorAddress object at 0x7da31ffc3290>, component_class='VCM_agent.VCMAgent 5', component_number=1)} addresses_to_groups={} address_groups={} component=<Agent: VCMEnvironment @ ActorAddr-(T|:37315)>
Traceback (most recent call last):

  File "/opt/conda/lib/python3.13/site-packages/thespian/system/actorManager.py", line 164, in _handleOneMessage
    actor_result = self.actorInst.receiveMessage(msg, envelope.sender)

  File "/opt/conda/lib/python3.13/site-packages/thespian/initmsgs.py", line 97, in require_init
    getattr(self, initdone)()
    ~~~~~~~~~~~~~~~~~~~~~~~^^

  File "/tmp/mTree/mTree/microeconomic_system/environment.py", line 63, in invoke_prepare
    self.num_agents = self.address_book.num_agents()
                      ~~~~~~~~~~~~~~~~~~~~~~~~~~~~^^

  File "/tmp/mTree/mTree/microeconomic_system/address_book.py", line 138, in num_agents
    return len(self.agents.keys())
               ^^^^^^^^^^^

  File "/opt/conda/lib/python3.13/site-packages/pydantic/main.py", line 1026, in __getattr__
    raise AttributeError(f'{type(self).__name__!r} object has no attribute {item!r}')

AttributeError: 'AddressBook' object has no attribute 'agents'

2026-02-26 20:56:57 ERROR    ActorAddr-(T|:37315) => Actor VCM_environment.VCMEnvironment @ ActorAddr-(T|:37315) second exception on message addresses={'VCM_environment.VCMEnvironment': ComponentAddress(short_name='VCM_environment.VCMEnvironment', address_type='environment', address=<thespian.actors.ActorAddress object at 0x7da31ffc3170>, component_class='VCM_environment.VCMEnvironment', component_number=1), 'VCM_institution.VCMInstitution': ComponentAddress(short_name='VCM_institution.VCMInstitution', address_type='institution', address=<thespian.actors.ActorAddress object at 0x7da31ffc30b0>, component_class='VCM_institution.VCMInstitution', component_number=1), 'VCM_agent.VCMAgent 1': ComponentAddress(short_name='VCM_agent.VCMAgent 1', address_type='agent', address=<thespian.actors.ActorAddress object at 0x7da31ffc3110>, component_class='VCM_agent.VCMAgent 1', component_number=1), 'VCM_agent.VCMAgent 2': ComponentAddress(short_name='VCM_agent.VCMAgent 2', address_type='agent', address=<thespian.actors.ActorAddress object at 0x7da31ffc31d0>, component_class='VCM_agent.VCMAgent 2', component_number=1), 'VCM_agent.VCMAgent 3': ComponentAddress(short_name='VCM_agent.VCMAgent 3', address_type='agent', address=<thespian.actors.ActorAddress object at 0x7da31ffc3350>, component_class='VCM_agent.VCMAgent 3', component_number=1), 'VCM_agent.VCMAgent 4': ComponentAddress(short_name='VCM_agent.VCMAgent 4', address_type='agent', address=<thespian.actors.ActorAddress object at 0x7da31ffc32f0>, component_class='VCM_agent.VCMAgent 4', component_number=1), 'VCM_agent.VCMAgent 5': ComponentAddress(short_name='VCM_agent.VCMAgent 5', address_type='agent', address=<thespian.actors.ActorAddress object at 0x7da31ffc3290>, component_class='VCM_agent.VCMAgent 5', component_number=1)} addresses_to_groups={} address_groups={} component=<Agent: VCMEnvironment @ ActorAddr-(T|:37315)>
Traceback (most recent call last):

  File "/opt/conda/lib/python3.13/site-packages/thespian/system/actorManager.py", line 164, in _handleOneMessage
    actor_result = self.actorInst.receiveMessage(msg, envelope.sender)

  File "/opt/conda/lib/python3.13/site-packages/thespian/initmsgs.py", line 97, in require_init
    getattr(self, initdone)()
    ~~~~~~~~~~~~~~~~~~~~~~~^^

  File "/tmp/mTree/mTree/microeconomic_system/environment.py", line 63, in invoke_prepare
    self.num_agents = self.address_book.num_agents()
                      ~~~~~~~~~~~~~~~~~~~~~~~~~~~~^^

  File "/tmp/mTree/mTree/microeconomic_system/address_book.py", line 138, in num_agents
    return len(self.agents.keys())
               ^^^^^^^^^^^

  File "/opt/conda/lib/python3.13/site-packages/pydantic/main.py", line 1026, in __getattr__
    raise AttributeError(f'{type(self).__name__!r} object has no attribute {item!r}')

AttributeError: 'AddressBook' object has no attribute 'agents'


During handling of the above exception, another exception occurred:


Traceback (most recent call last):

  File "/opt/conda/lib/python3.13/site-packages/thespian/system/actorManager.py", line 179, in _handleOneMessage
    actor_result = self.actorInst.receiveMessage(copy.deepcopy(msg), envelope.sender)
                                                 ~~~~~~~~~~~~~^^^^^

  File "/opt/conda/lib/python3.13/copy.py", line 144, in deepcopy
    y = copier(memo)

  File "/opt/conda/lib/python3.13/site-packages/pydantic/main.py", line 978, in __deepcopy__
    _object_setattr(m, '__dict__', deepcopy(self.__dict__, memo=memo))
                                   ~~~~~~~~^^^^^^^^^^^^^^^^^^^^^^^^^^

  File "/opt/conda/lib/python3.13/copy.py", line 137, in deepcopy
    y = copier(x, memo)

  File "/opt/conda/lib/python3.13/copy.py", line 222, in _deepcopy_dict
    y[deepcopy(key, memo)] = deepcopy(value, memo)
                             ~~~~~~~~^^^^^^^^^^^^^

  File "/opt/conda/lib/python3.13/copy.py", line 163, in deepcopy
    y = _reconstruct(x, memo, *rv)

  File "/opt/conda/lib/python3.13/copy.py", line 260, in _reconstruct
    state = deepcopy(state, memo)

  File "/opt/conda/lib/python3.13/copy.py", line 137, in deepcopy
    y = copier(x, memo)

  File "/opt/conda/lib/python3.13/copy.py", line 222, in _deepcopy_dict
    y[deepcopy(key, memo)] = deepcopy(value, memo)
                             ~~~~~~~~^^^^^^^^^^^^^

  File "/opt/conda/lib/python3.13/copy.py", line 163, in deepcopy
    y = _reconstruct(x, memo, *rv)

  File "/opt/conda/lib/python3.13/copy.py", line 260, in _reconstruct
    state = deepcopy(state, memo)

  File "/opt/conda/lib/python3.13/copy.py", line 137, in deepcopy
    y = copier(x, memo)

  File "/opt/conda/lib/python3.13/copy.py", line 222, in _deepcopy_dict
    y[deepcopy(key, memo)] = deepcopy(value, memo)
                             ~~~~~~~~^^^^^^^^^^^^^

  File "/opt/conda/lib/python3.13/copy.py", line 163, in deepcopy
    y = _reconstruct(x, memo, *rv)

  File "/opt/conda/lib/python3.13/copy.py", line 260, in _reconstruct
    state = deepcopy(state, memo)

  File "/opt/conda/lib/python3.13/copy.py", line 137, in deepcopy
    y = copier(x, memo)

  File "/opt/conda/lib/python3.13/copy.py", line 222, in _deepcopy_dict
    y[deepcopy(key, memo)] = deepcopy(value, memo)
                             ~~~~~~~~^^^^^^^^^^^^^

  File "/opt/conda/lib/python3.13/copy.py", line 152, in deepcopy
    rv = reductor(4)

TypeError: cannot pickle '_thread.lock' object

2026-02-26 20:56:57 ERROR    ActorAddr-(T|:37315) => Declaring transmit of TransportIntent(ActorAddr-(T|:46099)-pending-ExpiresIn_0:04:59.994025-<class 'thespian.actors.PoisonMessage'>-Poison<addresses={'VCM_environment.VCMEnvironment': ComponentAddress(short_name='VCM_environment.VCMEnvironment', address_type='environment', address=...-quit_0:04:59.994008) as Poison: Traceback (most recent call last):
  File "/opt/conda/lib/python3.13/site-packages/thespian/system/actorManager.py", line 164, in _handleOneMessage
    actor_result = self.actorInst.receiveMessage(msg, envelope.sender)
  File "/opt/conda/lib/python3.13/site-packages/thespian/initmsgs.py", line 97, in require_init
    getattr(self, initdone)()
    ~~~~~~~~~~~~~~~~~~~~~~~^^
  File "/tmp/mTree/mTree/microeconomic_system/environment.py", line 63, in invoke_prepare
    self.num_agents = self.address_book.num_agents()
                      ~~~~~~~~~~~~~~~~~~~~~~~~~~~~^^
  File "/tmp/mTree/mTree/microeconomic_system/address_book.py", line 138, in num_agents
    return len(self.agents.keys())
               ^^^^^^^^^^^
  File "/opt/conda/lib/python3.13/site-packages/pydantic/main.py", line 1026, in __getattr__
    raise AttributeError(f'{type(self).__name__!r} object has no attribute {item!r}')
AttributeError: 'AddressBook' object has no attribute 'agents'

During handling of the above exception, another exception occurred:

Traceback (most recent call last):
  File "/opt/conda/lib/python3.13/site-packages/thespian/system/actorManager.py", line 179, in _handleOneMessage
    actor_result = self.actorInst.receiveMessage(copy.deepcopy(msg), envelope.sender)
                                                 ~~~~~~~~~~~~~^^^^^
  File "/opt/conda/lib/python3.13/copy.py", line 144, in deepcopy
    y = copier(memo)
  File "/opt/conda/lib/python3.13/site-packages/pydantic/main.py", line 978, in __deepcopy__
    _object_setattr(m, '__dict__', deepcopy(self.__dict__, memo=memo))
                                   ~~~~~~~~^^^^^^^^^^^^^^^^^^^^^^^^^^
  File "/opt/conda/lib/python3.13/copy.py", line 137, in deepcopy
    y = copier(x, memo)
  File "/opt/conda/lib/python3.13/copy.py", line 222, in _deepcopy_dict
    y[deepcopy(key, memo)] = deepcopy(value, memo)
                             ~~~~~~~~^^^^^^^^^^^^^
  File "/opt/conda/lib/python3.13/copy.py", line 163, in deepcopy
    y = _reconstruct(x, memo, *rv)
  File "/opt/conda/lib/python3.13/copy.py", line 260, in _reconstruct
    state = deepcopy(state, memo)
  File "/opt/conda/lib/python3.13/copy.py", line 137, in deepcopy
    y = copier(x, memo)
  File "/opt/conda/lib/python3.13/copy.py", line 222, in _deepcopy_dict
    y[deepcopy(key, memo)] = deepcopy(value, memo)
                             ~~~~~~~~^^^^^^^^^^^^^
  File "/opt/conda/lib/python3.13/copy.py", line 163, in deepcopy
    y = _reconstruct(x, memo, *rv)
  File "/opt/conda/lib/python3.13/copy.py", line 260, in _reconstruct
    state = deepcopy(state, memo)
  File "/opt/conda/lib/python3.13/copy.py", line 137, in deepcopy
    y = copier(x, memo)
  File "/opt/conda/lib/python3.13/copy.py", line 222, in _deepcopy_dict
    y[deepcopy(key, memo)] = deepcopy(value, memo)
                             ~~~~~~~~^^^^^^^^^^^^^
  File "/opt/conda/lib/python3.13/copy.py", line 163, in deepcopy
    y = _reconstruct(x, memo, *rv)
  File "/opt/conda/lib/python3.13/copy.py", line 260, in _reconstruct
    state = deepcopy(state, memo)
  File "/opt/conda/lib/python3.13/copy.py", line 137, in deepcopy
    y = copier(x, memo)
  File "/opt/conda/lib/python3.13/copy.py", line 222, in _deepcopy_dict
    y[deepcopy(key, memo)] = deepcopy(value, memo)
                             ~~~~~~~~^^^^^^^^^^^^^
  File "/opt/conda/lib/python3.13/copy.py", line 152, in deepcopy
    rv = reductor(4)
TypeError: cannot pickle '_thread.lock' object

During handling of the above exception, another exception occurred:

Traceback (most recent call last):
  File "/opt/conda/lib/python3.13/site-packages/thespian/system/systemCommon.py", line 173, in _send_intent_to_transport
    self.transport.scheduleTransmit(self._addrManager, intent)
    ~~~~~~~~~~~~~~~~~~~~~~~~~~~~~~~^^^^^^^^^^^^^^^^^^^^^^^^^^^
  File "/opt/conda/lib/python3.13/site-packages/thespian/system/transport/asyncTransportBase.py", line 213, in scheduleTransmit
    transmitIntent.serMsg = self.serializer(transmitIntent)
                            ~~~~~~~~~~~~~~~^^^^^^^^^^^^^^^^
  File "/opt/conda/lib/python3.13/site-packages/thespian/system/transport/TCPTransport.py", line 568, in serializer
    return toSendBuffer((self.myAddress, intent.message), serializer.dumps)
  File "/opt/conda/lib/python3.13/site-packages/thespian/system/transport/streamBuffer.py", line 15, in <lambda>
    toSendBuffer = lambda A, ser=pickle.dumps: (lambda AP: ('%d>'%len(AP)).encode('utf-8') + AP)(ser(A))
                                                                                                 ~~~^^^
TypeError: cannot pickle '_thread.lock' object
Traceback (most recent call last):

  File "/opt/conda/lib/python3.13/site-packages/thespian/system/actorManager.py", line 164, in _handleOneMessage
    actor_result = self.actorInst.receiveMessage(msg, envelope.sender)

  File "/opt/conda/lib/python3.13/site-packages/thespian/initmsgs.py", line 97, in require_init
    getattr(self, initdone)()
    ~~~~~~~~~~~~~~~~~~~~~~~^^

  File "/tmp/mTree/mTree/microeconomic_system/environment.py", line 63, in invoke_prepare
    self.num_agents = self.address_book.num_agents()
                      ~~~~~~~~~~~~~~~~~~~~~~~~~~~~^^

  File "/tmp/mTree/mTree/microeconomic_system/address_book.py", line 138, in num_agents
    return len(self.agents.keys())
               ^^^^^^^^^^^

  File "/opt/conda/lib/python3.13/site-packages/pydantic/main.py", line 1026, in __getattr__
    raise AttributeError(f'{type(self).__name__!r} object has no attribute {item!r}')

AttributeError: 'AddressBook' object has no attribute 'agents'


During handling of the above exception, another exception occurred:


Traceback (most recent call last):

  File "/opt/conda/lib/python3.13/site-packages/thespian/system/actorManager.py", line 179, in _handleOneMessage
    actor_result = self.actorInst.receiveMessage(copy.deepcopy(msg), envelope.sender)
                                                 ~~~~~~~~~~~~~^^^^^

  File "/opt/conda/lib/python3.13/copy.py", line 144, in deepcopy
    y = copier(memo)

  File "/opt/conda/lib/python3.13/site-packages/pydantic/main.py", line 978, in __deepcopy__
    _object_setattr(m, '__dict__', deepcopy(self.__dict__, memo=memo))
                                   ~~~~~~~~^^^^^^^^^^^^^^^^^^^^^^^^^^

  File "/opt/conda/lib/python3.13/copy.py", line 137, in deepcopy
    y = copier(x, memo)

  File "/opt/conda/lib/python3.13/copy.py", line 222, in _deepcopy_dict
    y[deepcopy(key, memo)] = deepcopy(value, memo)
                             ~~~~~~~~^^^^^^^^^^^^^

  File "/opt/conda/lib/python3.13/copy.py", line 163, in deepcopy
    y = _reconstruct(x, memo, *rv)

  File "/opt/conda/lib/python3.13/copy.py", line 260, in _reconstruct
    state = deepcopy(state, memo)

  File "/opt/conda/lib/python3.13/copy.py", line 137, in deepcopy
    y = copier(x, memo)

  File "/opt/conda/lib/python3.13/copy.py", line 222, in _deepcopy_dict
    y[deepcopy(key, memo)] = deepcopy(value, memo)
                             ~~~~~~~~^^^^^^^^^^^^^

  File "/opt/conda/lib/python3.13/copy.py", line 163, in deepcopy
    y = _reconstruct(x, memo, *rv)

  File "/opt/conda/lib/python3.13/copy.py", line 260, in _reconstruct
    state = deepcopy(state, memo)

  File "/opt/conda/lib/python3.13/copy.py", line 137, in deepcopy
    y = copier(x, memo)

  File "/opt/conda/lib/python3.13/copy.py", line 222, in _deepcopy_dict
    y[deepcopy(key, memo)] = deepcopy(value, memo)
                             ~~~~~~~~^^^^^^^^^^^^^

  File "/opt/conda/lib/python3.13/copy.py", line 163, in deepcopy
    y = _reconstruct(x, memo, *rv)

  File "/opt/conda/lib/python3.13/copy.py", line 260, in _reconstruct
    state = deepcopy(state, memo)

  File "/opt/conda/lib/python3.13/copy.py", line 137, in deepcopy
    y = copier(x, memo)

  File "/opt/conda/lib/python3.13/copy.py", line 222, in _deepcopy_dict
    y[deepcopy(key, memo)] = deepcopy(value, memo)
                             ~~~~~~~~^^^^^^^^^^^^^

  File "/opt/conda/lib/python3.13/copy.py", line 152, in deepcopy
    rv = reductor(4)

TypeError: cannot pickle '_thread.lock' object


During handling of the above exception, another exception occurred:


Traceback (most recent call last):

  File "/opt/conda/lib/python3.13/site-packages/thespian/system/systemCommon.py", line 173, in _send_intent_to_transport
    self.transport.scheduleTransmit(self._addrManager, intent)
    ~~~~~~~~~~~~~~~~~~~~~~~~~~~~~~~^^^^^^^^^^^^^^^^^^^^^^^^^^^

  File "/opt/conda/lib/python3.13/site-packages/thespian/system/transport/asyncTransportBase.py", line 213, in scheduleTransmit
    transmitIntent.serMsg = self.serializer(transmitIntent)
                            ~~~~~~~~~~~~~~~^^^^^^^^^^^^^^^^

  File "/opt/conda/lib/python3.13/site-packages/thespian/system/transport/TCPTransport.py", line 568, in serializer
    return toSendBuffer((self.myAddress, intent.message), serializer.dumps)

  File "/opt/conda/lib/python3.13/site-packages/thespian/system/transport/streamBuffer.py", line 15, in <lambda>
    toSendBuffer = lambda A, ser=pickle.dumps: (lambda AP: ('%d>'%len(AP)).encode('utf-8') + AP)(ser(A))
                                                                                                 ~~~^^^

TypeError: cannot pickle '_thread.lock' object

2026-02-26 20:57:30 INFO     ActorAddr-(T|:32899) => DISPATCHER actor message received -> 
2026-02-26 20:57:30 INFO     ActorAddr-(T|:40801) => Completing Log Sequence Files...
2026-02-26 20:57:30 INFO     ActorAddr-(T|:40801) => Completing Log Event Files...
2026-02-26 20:57:30 INFO     ActorAddr-(T|:32899) => DISPATCHER actor message received -> 
2026-02-26 20:58:20 INFO     ActorAddr-(T|:42595) => Dispatcher initializing
2026-02-26 20:58:20 INFO     ActorAddr-(T|:42595) => Dispatcher Ready
2026-02-26 20:58:20 INFO     ActorAddr-(T|:33995) => A VALIDATION REQUEST HAS BEEN RECEIVED....
2026-02-26 20:58:21 INFO     ActorAddr-(T|:19000) => Validated source hash c2ec067b22a386d0b75432dbba5a33c1 - temp_components.zip, 32 modules (message_space.py, web_socket_router_actor.py, address_book.py, agent_pool.py, universe.py, property_decorators.py, multi_container.py, log_actor.py, subject_container.py, ...)
2026-02-26 20:58:20 INFO     ActorAddr-(T|:42595) => DISPATCHER actor message received -> 
2026-02-26 20:58:21 INFO     ActorAddr-(T|:19000) => Source hash c2ec067b22a386d0b75432dbba5a33c1 (temp_components.zip) validated by Source Authority; now available.
2026-02-26 20:58:15 WARNING  ActorAddr-(T|:33899) => Actor VCM_environment.VCMEnvironment @ ActorAddr-(T|:33899) retryable exception on message addresses={'VCM_environment.VCMEnvironment': ComponentAddress(short_name='VCM_environment.VCMEnvironment', address_type='environment', address=<thespian.actors.ActorAddress object at 0x7515fb113350>, component_class='VCM_environment.VCMEnvironment', component_number=1), 'VCM_institution.VCMInstitution': ComponentAddress(short_name='VCM_institution.VCMInstitution', address_type='institution', address=<thespian.actors.ActorAddress object at 0x7515fb113290>, component_class='VCM_institution.VCMInstitution', component_number=1), 'VCM_agent.VCMAgent 1': ComponentAddress(short_name='VCM_agent.VCMAgent 1', address_type='agent', address=<thespian.actors.ActorAddress object at 0x7515fb1132f0>, component_class='VCM_agent.VCMAgent 1', component_number=1), 'VCM_agent.VCMAgent 2': ComponentAddress(short_name='VCM_agent.VCMAgent 2', address_type='agent', address=<thespian.actors.ActorAddress object at 0x7515fb1133b0>, component_class='VCM_agent.VCMAgent 2', component_number=1), 'VCM_agent.VCMAgent 3': ComponentAddress(short_name='VCM_agent.VCMAgent 3', address_type='agent', address=<thespian.actors.ActorAddress object at 0x7515fb1134d0>, component_class='VCM_agent.VCMAgent 3', component_number=1), 'VCM_agent.VCMAgent 4': ComponentAddress(short_name='VCM_agent.VCMAgent 4', address_type='agent', address=<thespian.actors.ActorAddress object at 0x7515fb113470>, component_class='VCM_agent.VCMAgent 4', component_number=1), 'VCM_agent.VCMAgent 5': ComponentAddress(short_name='VCM_agent.VCMAgent 5', address_type='agent', address=<thespian.actors.ActorAddress object at 0x7515fb113410>, component_class='VCM_agent.VCMAgent 5', component_number=1)} addresses_to_groups={} address_groups={} component=<Agent: VCMEnvironment @ ActorAddr-(T|:33899)>
Traceback (most recent call last):

  File "/opt/conda/lib/python3.13/site-packages/thespian/system/actorManager.py", line 164, in _handleOneMessage
    actor_result = self.actorInst.receiveMessage(msg, envelope.sender)

  File "/opt/conda/lib/python3.13/site-packages/thespian/initmsgs.py", line 97, in require_init
    getattr(self, initdone)()
    ~~~~~~~~~~~~~~~~~~~~~~~^^

  File "/tmp/mTree/mTree/microeconomic_system/environment.py", line 63, in invoke_prepare
    self.num_agents = self.address_book.num_agents()
                      ~~~~~~~~~~~~~~~~~~~~~~~~~~~~^^

  File "/tmp/mTree/mTree/microeconomic_system/address_book.py", line 138, in num_agents
    return len(self.agents.keys())
               ^^^^^^^^^^^

  File "/opt/conda/lib/python3.13/site-packages/pydantic/main.py", line 1026, in __getattr__
    raise AttributeError(f'{type(self).__name__!r} object has no attribute {item!r}')

AttributeError: 'AddressBook' object has no attribute 'agents'

2026-02-26 20:58:15 ERROR    ActorAddr-(T|:33899) => Actor VCM_environment.VCMEnvironment @ ActorAddr-(T|:33899) second exception on message addresses={'VCM_environment.VCMEnvironment': ComponentAddress(short_name='VCM_environment.VCMEnvironment', address_type='environment', address=<thespian.actors.ActorAddress object at 0x7515fb113350>, component_class='VCM_environment.VCMEnvironment', component_number=1), 'VCM_institution.VCMInstitution': ComponentAddress(short_name='VCM_institution.VCMInstitution', address_type='institution', address=<thespian.actors.ActorAddress object at 0x7515fb113290>, component_class='VCM_institution.VCMInstitution', component_number=1), 'VCM_agent.VCMAgent 1': ComponentAddress(short_name='VCM_agent.VCMAgent 1', address_type='agent', address=<thespian.actors.ActorAddress object at 0x7515fb1132f0>, component_class='VCM_agent.VCMAgent 1', component_number=1), 'VCM_agent.VCMAgent 2': ComponentAddress(short_name='VCM_agent.VCMAgent 2', address_type='agent', address=<thespian.actors.ActorAddress object at 0x7515fb1133b0>, component_class='VCM_agent.VCMAgent 2', component_number=1), 'VCM_agent.VCMAgent 3': ComponentAddress(short_name='VCM_agent.VCMAgent 3', address_type='agent', address=<thespian.actors.ActorAddress object at 0x7515fb1134d0>, component_class='VCM_agent.VCMAgent 3', component_number=1), 'VCM_agent.VCMAgent 4': ComponentAddress(short_name='VCM_agent.VCMAgent 4', address_type='agent', address=<thespian.actors.ActorAddress object at 0x7515fb113470>, component_class='VCM_agent.VCMAgent 4', component_number=1), 'VCM_agent.VCMAgent 5': ComponentAddress(short_name='VCM_agent.VCMAgent 5', address_type='agent', address=<thespian.actors.ActorAddress object at 0x7515fb113410>, component_class='VCM_agent.VCMAgent 5', component_number=1)} addresses_to_groups={} address_groups={} component=<Agent: VCMEnvironment @ ActorAddr-(T|:33899)>
Traceback (most recent call last):

  File "/opt/conda/lib/python3.13/site-packages/thespian/system/actorManager.py", line 164, in _handleOneMessage
    actor_result = self.actorInst.receiveMessage(msg, envelope.sender)

  File "/opt/conda/lib/python3.13/site-packages/thespian/initmsgs.py", line 97, in require_init
    getattr(self, initdone)()
    ~~~~~~~~~~~~~~~~~~~~~~~^^

  File "/tmp/mTree/mTree/microeconomic_system/environment.py", line 63, in invoke_prepare
    self.num_agents = self.address_book.num_agents()
                      ~~~~~~~~~~~~~~~~~~~~~~~~~~~~^^

  File "/tmp/mTree/mTree/microeconomic_system/address_book.py", line 138, in num_agents
    return len(self.agents.keys())
               ^^^^^^^^^^^

  File "/opt/conda/lib/python3.13/site-packages/pydantic/main.py", line 1026, in __getattr__
    raise AttributeError(f'{type(self).__name__!r} object has no attribute {item!r}')

AttributeError: 'AddressBook' object has no attribute 'agents'


During handling of the above exception, another exception occurred:


Traceback (most recent call last):

  File "/opt/conda/lib/python3.13/site-packages/thespian/system/actorManager.py", line 179, in _handleOneMessage
    actor_result = self.actorInst.receiveMessage(copy.deepcopy(msg), envelope.sender)
                                                 ~~~~~~~~~~~~~^^^^^

  File "/opt/conda/lib/python3.13/copy.py", line 144, in deepcopy
    y = copier(memo)

  File "/opt/conda/lib/python3.13/site-packages/pydantic/main.py", line 978, in __deepcopy__
    _object_setattr(m, '__dict__', deepcopy(self.__dict__, memo=memo))
                                   ~~~~~~~~^^^^^^^^^^^^^^^^^^^^^^^^^^

  File "/opt/conda/lib/python3.13/copy.py", line 137, in deepcopy
    y = copier(x, memo)

  File "/opt/conda/lib/python3.13/copy.py", line 222, in _deepcopy_dict
    y[deepcopy(key, memo)] = deepcopy(value, memo)
                             ~~~~~~~~^^^^^^^^^^^^^

  File "/opt/conda/lib/python3.13/copy.py", line 163, in deepcopy
    y = _reconstruct(x, memo, *rv)

  File "/opt/conda/lib/python3.13/copy.py", line 260, in _reconstruct
    state = deepcopy(state, memo)

  File "/opt/conda/lib/python3.13/copy.py", line 137, in deepcopy
    y = copier(x, memo)

  File "/opt/conda/lib/python3.13/copy.py", line 222, in _deepcopy_dict
    y[deepcopy(key, memo)] = deepcopy(value, memo)
                             ~~~~~~~~^^^^^^^^^^^^^

  File "/opt/conda/lib/python3.13/copy.py", line 163, in deepcopy
    y = _reconstruct(x, memo, *rv)

  File "/opt/conda/lib/python3.13/copy.py", line 260, in _reconstruct
    state = deepcopy(state, memo)

  File "/opt/conda/lib/python3.13/copy.py", line 137, in deepcopy
    y = copier(x, memo)

  File "/opt/conda/lib/python3.13/copy.py", line 222, in _deepcopy_dict
    y[deepcopy(key, memo)] = deepcopy(value, memo)
                             ~~~~~~~~^^^^^^^^^^^^^

  File "/opt/conda/lib/python3.13/copy.py", line 163, in deepcopy
    y = _reconstruct(x, memo, *rv)

  File "/opt/conda/lib/python3.13/copy.py", line 260, in _reconstruct
    state = deepcopy(state, memo)

  File "/opt/conda/lib/python3.13/copy.py", line 137, in deepcopy
    y = copier(x, memo)

  File "/opt/conda/lib/python3.13/copy.py", line 222, in _deepcopy_dict
    y[deepcopy(key, memo)] = deepcopy(value, memo)
                             ~~~~~~~~^^^^^^^^^^^^^

  File "/opt/conda/lib/python3.13/copy.py", line 152, in deepcopy
    rv = reductor(4)

TypeError: cannot pickle '_thread.lock' object

2026-02-26 20:58:15 ERROR    ActorAddr-(T|:33899) => Declaring transmit of TransportIntent(ActorAddr-(T|:36177)-pending-ExpiresIn_0:04:59.994208-<class 'thespian.actors.PoisonMessage'>-Poison<addresses={'VCM_environment.VCMEnvironment': ComponentAddress(short_name='VCM_environment.VCMEnvironment', address_type='environment', address=...-quit_0:04:59.994193) as Poison: Traceback (most recent call last):
  File "/opt/conda/lib/python3.13/site-packages/thespian/system/actorManager.py", line 164, in _handleOneMessage
    actor_result = self.actorInst.receiveMessage(msg, envelope.sender)
  File "/opt/conda/lib/python3.13/site-packages/thespian/initmsgs.py", line 97, in require_init
    getattr(self, initdone)()
    ~~~~~~~~~~~~~~~~~~~~~~~^^
  File "/tmp/mTree/mTree/microeconomic_system/environment.py", line 63, in invoke_prepare
    self.num_agents = self.address_book.num_agents()
                      ~~~~~~~~~~~~~~~~~~~~~~~~~~~~^^
  File "/tmp/mTree/mTree/microeconomic_system/address_book.py", line 138, in num_agents
    return len(self.agents.keys())
               ^^^^^^^^^^^
  File "/opt/conda/lib/python3.13/site-packages/pydantic/main.py", line 1026, in __getattr__
    raise AttributeError(f'{type(self).__name__!r} object has no attribute {item!r}')
AttributeError: 'AddressBook' object has no attribute 'agents'

During handling of the above exception, another exception occurred:

Traceback (most recent call last):
  File "/opt/conda/lib/python3.13/site-packages/thespian/system/actorManager.py", line 179, in _handleOneMessage
    actor_result = self.actorInst.receiveMessage(copy.deepcopy(msg), envelope.sender)
                                                 ~~~~~~~~~~~~~^^^^^
  File "/opt/conda/lib/python3.13/copy.py", line 144, in deepcopy
    y = copier(memo)
  File "/opt/conda/lib/python3.13/site-packages/pydantic/main.py", line 978, in __deepcopy__
    _object_setattr(m, '__dict__', deepcopy(self.__dict__, memo=memo))
                                   ~~~~~~~~^^^^^^^^^^^^^^^^^^^^^^^^^^
  File "/opt/conda/lib/python3.13/copy.py", line 137, in deepcopy
    y = copier(x, memo)
  File "/opt/conda/lib/python3.13/copy.py", line 222, in _deepcopy_dict
    y[deepcopy(key, memo)] = deepcopy(value, memo)
                             ~~~~~~~~^^^^^^^^^^^^^
  File "/opt/conda/lib/python3.13/copy.py", line 163, in deepcopy
    y = _reconstruct(x, memo, *rv)
  File "/opt/conda/lib/python3.13/copy.py", line 260, in _reconstruct
    state = deepcopy(state, memo)
  File "/opt/conda/lib/python3.13/copy.py", line 137, in deepcopy
    y = copier(x, memo)
  File "/opt/conda/lib/python3.13/copy.py", line 222, in _deepcopy_dict
    y[deepcopy(key, memo)] = deepcopy(value, memo)
                             ~~~~~~~~^^^^^^^^^^^^^
  File "/opt/conda/lib/python3.13/copy.py", line 163, in deepcopy
    y = _reconstruct(x, memo, *rv)
  File "/opt/conda/lib/python3.13/copy.py", line 260, in _reconstruct
    state = deepcopy(state, memo)
  File "/opt/conda/lib/python3.13/copy.py", line 137, in deepcopy
    y = copier(x, memo)
  File "/opt/conda/lib/python3.13/copy.py", line 222, in _deepcopy_dict
    y[deepcopy(key, memo)] = deepcopy(value, memo)
                             ~~~~~~~~^^^^^^^^^^^^^
  File "/opt/conda/lib/python3.13/copy.py", line 163, in deepcopy
    y = _reconstruct(x, memo, *rv)
  File "/opt/conda/lib/python3.13/copy.py", line 260, in _reconstruct
    state = deepcopy(state, memo)
  File "/opt/conda/lib/python3.13/copy.py", line 137, in deepcopy
    y = copier(x, memo)
  File "/opt/conda/lib/python3.13/copy.py", line 222, in _deepcopy_dict
    y[deepcopy(key, memo)] = deepcopy(value, memo)
                             ~~~~~~~~^^^^^^^^^^^^^
  File "/opt/conda/lib/python3.13/copy.py", line 152, in deepcopy
    rv = reductor(4)
TypeError: cannot pickle '_thread.lock' object

During handling of the above exception, another exception occurred:

Traceback (most recent call last):
  File "/opt/conda/lib/python3.13/site-packages/thespian/system/systemCommon.py", line 173, in _send_intent_to_transport
    self.transport.scheduleTransmit(self._addrManager, intent)
    ~~~~~~~~~~~~~~~~~~~~~~~~~~~~~~~^^^^^^^^^^^^^^^^^^^^^^^^^^^
  File "/opt/conda/lib/python3.13/site-packages/thespian/system/transport/asyncTransportBase.py", line 213, in scheduleTransmit
    transmitIntent.serMsg = self.serializer(transmitIntent)
                            ~~~~~~~~~~~~~~~^^^^^^^^^^^^^^^^
  File "/opt/conda/lib/python3.13/site-packages/thespian/system/transport/TCPTransport.py", line 568, in serializer
    return toSendBuffer((self.myAddress, intent.message), serializer.dumps)
  File "/opt/conda/lib/python3.13/site-packages/thespian/system/transport/streamBuffer.py", line 15, in <lambda>
    toSendBuffer = lambda A, ser=pickle.dumps: (lambda AP: ('%d>'%len(AP)).encode('utf-8') + AP)(ser(A))
                                                                                                 ~~~^^^
TypeError: cannot pickle '_thread.lock' object
Traceback (most recent call last):

  File "/opt/conda/lib/python3.13/site-packages/thespian/system/actorManager.py", line 164, in _handleOneMessage
    actor_result = self.actorInst.receiveMessage(msg, envelope.sender)

  File "/opt/conda/lib/python3.13/site-packages/thespian/initmsgs.py", line 97, in require_init
    getattr(self, initdone)()
    ~~~~~~~~~~~~~~~~~~~~~~~^^

  File "/tmp/mTree/mTree/microeconomic_system/environment.py", line 63, in invoke_prepare
    self.num_agents = self.address_book.num_agents()
                      ~~~~~~~~~~~~~~~~~~~~~~~~~~~~^^

  File "/tmp/mTree/mTree/microeconomic_system/address_book.py", line 138, in num_agents
    return len(self.agents.keys())
               ^^^^^^^^^^^

  File "/opt/conda/lib/python3.13/site-packages/pydantic/main.py", line 1026, in __getattr__
    raise AttributeError(f'{type(self).__name__!r} object has no attribute {item!r}')

AttributeError: 'AddressBook' object has no attribute 'agents'


During handling of the above exception, another exception occurred:


Traceback (most recent call last):

  File "/opt/conda/lib/python3.13/site-packages/thespian/system/actorManager.py", line 179, in _handleOneMessage
    actor_result = self.actorInst.receiveMessage(copy.deepcopy(msg), envelope.sender)
                                                 ~~~~~~~~~~~~~^^^^^

  File "/opt/conda/lib/python3.13/copy.py", line 144, in deepcopy
    y = copier(memo)

  File "/opt/conda/lib/python3.13/site-packages/pydantic/main.py", line 978, in __deepcopy__
    _object_setattr(m, '__dict__', deepcopy(self.__dict__, memo=memo))
                                   ~~~~~~~~^^^^^^^^^^^^^^^^^^^^^^^^^^

  File "/opt/conda/lib/python3.13/copy.py", line 137, in deepcopy
    y = copier(x, memo)

  File "/opt/conda/lib/python3.13/copy.py", line 222, in _deepcopy_dict
    y[deepcopy(key, memo)] = deepcopy(value, memo)
                             ~~~~~~~~^^^^^^^^^^^^^

  File "/opt/conda/lib/python3.13/copy.py", line 163, in deepcopy
    y = _reconstruct(x, memo, *rv)

  File "/opt/conda/lib/python3.13/copy.py", line 260, in _reconstruct
    state = deepcopy(state, memo)

  File "/opt/conda/lib/python3.13/copy.py", line 137, in deepcopy
    y = copier(x, memo)

  File "/opt/conda/lib/python3.13/copy.py", line 222, in _deepcopy_dict
    y[deepcopy(key, memo)] = deepcopy(value, memo)
                             ~~~~~~~~^^^^^^^^^^^^^

  File "/opt/conda/lib/python3.13/copy.py", line 163, in deepcopy
    y = _reconstruct(x, memo, *rv)

  File "/opt/conda/lib/python3.13/copy.py", line 260, in _reconstruct
    state = deepcopy(state, memo)

  File "/opt/conda/lib/python3.13/copy.py", line 137, in deepcopy
    y = copier(x, memo)

  File "/opt/conda/lib/python3.13/copy.py", line 222, in _deepcopy_dict
    y[deepcopy(key, memo)] = deepcopy(value, memo)
                             ~~~~~~~~^^^^^^^^^^^^^

  File "/opt/conda/lib/python3.13/copy.py", line 163, in deepcopy
    y = _reconstruct(x, memo, *rv)

  File "/opt/conda/lib/python3.13/copy.py", line 260, in _reconstruct
    state = deepcopy(state, memo)

  File "/opt/conda/lib/python3.13/copy.py", line 137, in deepcopy
    y = copier(x, memo)

  File "/opt/conda/lib/python3.13/copy.py", line 222, in _deepcopy_dict
    y[deepcopy(key, memo)] = deepcopy(value, memo)
                             ~~~~~~~~^^^^^^^^^^^^^

  File "/opt/conda/lib/python3.13/copy.py", line 152, in deepcopy
    rv = reductor(4)

TypeError: cannot pickle '_thread.lock' object


During handling of the above exception, another exception occurred:


Traceback (most recent call last):

  File "/opt/conda/lib/python3.13/site-packages/thespian/system/systemCommon.py", line 173, in _send_intent_to_transport
    self.transport.scheduleTransmit(self._addrManager, intent)
    ~~~~~~~~~~~~~~~~~~~~~~~~~~~~~~~^^^^^^^^^^^^^^^^^^^^^^^^^^^

  File "/opt/conda/lib/python3.13/site-packages/thespian/system/transport/asyncTransportBase.py", line 213, in scheduleTransmit
    transmitIntent.serMsg = self.serializer(transmitIntent)
                            ~~~~~~~~~~~~~~~^^^^^^^^^^^^^^^^

  File "/opt/conda/lib/python3.13/site-packages/thespian/system/transport/TCPTransport.py", line 568, in serializer
    return toSendBuffer((self.myAddress, intent.message), serializer.dumps)

  File "/opt/conda/lib/python3.13/site-packages/thespian/system/transport/streamBuffer.py", line 15, in <lambda>
    toSendBuffer = lambda A, ser=pickle.dumps: (lambda AP: ('%d>'%len(AP)).encode('utf-8') + AP)(ser(A))
                                                                                                 ~~~^^^

TypeError: cannot pickle '_thread.lock' object

2026-02-26 20:58:27 INFO     ActorAddr-(T|:42595) => DISPATCHER actor message received -> 
2026-02-26 20:58:27 INFO     ActorAddr-(T|:35919) => Completing Log Sequence Files...
2026-02-26 20:58:27 INFO     ActorAddr-(T|:35919) => Completing Log Event Files...
2026-02-26 20:58:27 INFO     ActorAddr-(T|:42595) => DISPATCHER actor message received -> 
2026-02-26 20:58:27 INFO     ActorAddr-(T|:35919) => Completing Log Data Files...
